{
  "RSpec": {
    "coverage": {
      "/Users/faizaanshamsi/Dropbox/programs/canary/app/models/user.rb": [
        1,
        1,
        null,
        null,
        null,
        null,
        null,
        1,
        1,
        1,
        null,
        1,
        1,
        null,
        1,
        null,
        null,
        1,
        null,
        null,
        1,
        null,
        null,
        1,
        null,
        null,
        1,
        6,
        null,
        null
      ],
      "/Users/faizaanshamsi/Dropbox/programs/canary/app/helpers/application_helper.rb": [
        1,
        1,
        15,
        null,
        null,
        1,
        27,
        15,
        15,
        15,
        15,
        null,
        15,
        null,
        null,
        null,
        null,
        null
      ],
      "/Users/faizaanshamsi/Dropbox/programs/canary/app/models/asking_price.rb": [
        1,
        1,
        1,
        null,
        1,
        null,
        null
      ],
      "/Users/faizaanshamsi/Dropbox/programs/canary/app/models/bundle.rb": [
        1,
        1,
        null,
        1,
        null,
        1,
        null,
        null
      ],
      "/Users/faizaanshamsi/Dropbox/programs/canary/app/models/category.rb": [
        1,
        1,
        1,
        null,
        1,
        null,
        null,
        1,
        null,
        null
      ],
      "/Users/faizaanshamsi/Dropbox/programs/canary/app/models/favorite.rb": [
        1,
        1,
        1,
        null,
        1,
        null,
        null,
        1,
        null,
        null,
        null,
        1,
        null,
        null
      ],
      "/Users/faizaanshamsi/Dropbox/programs/canary/app/models/item_bundle.rb": [
        1,
        1,
        1,
        null,
        1,
        null,
        null,
        1,
        null,
        null
      ],
      "/Users/faizaanshamsi/Dropbox/programs/canary/app/models/item_photo.rb": [
        1,
        1,
        1,
        1,
        1,
        null,
        1,
        null,
        null,
        1,
        15,
        0,
        null,
        null,
        null,
        1,
        7,
        null,
        null
      ],
      "/Users/faizaanshamsi/Dropbox/programs/canary/app/models/item.rb": [
        1,
        1,
        1,
        null,
        1,
        1,
        1,
        1,
        1,
        1,
        1,
        null,
        1,
        1,
        1,
        1,
        null,
        1,
        null,
        null,
        1,
        null,
        1,
        null,
        1,
        null,
        1,
        null,
        1,
        null,
        null,
        1,
        1,
        null,
        null,
        1,
        1,
        null,
        null,
        1,
        1,
        null,
        null,
        1,
        1,
        1,
        1,
        null,
        1,
        2,
        null,
        null,
        1,
        3,
        null,
        null,
        1,
        7,
        null,
        null,
        1,
        5,
        null,
        null,
        null
      ],
      "/Users/faizaanshamsi/Dropbox/programs/canary/app/models/item_special.rb": [
        1,
        1,
        1,
        null,
        1,
        null,
        1,
        null,
        null
      ],
      "/Users/faizaanshamsi/Dropbox/programs/canary/app/models/location.rb": [
        1,
        1,
        1,
        1,
        1,
        1,
        1,
        1,
        1,
        null,
        1,
        null,
        null,
        1,
        null,
        null,
        1,
        51,
        null,
        null,
        1,
        3,
        3,
        null,
        null,
        1,
        null,
        1,
        1,
        1,
        null,
        null
      ],
      "/Users/faizaanshamsi/Dropbox/programs/canary/app/models/offer.rb": [
        1,
        1,
        1,
        null,
        1,
        null,
        1,
        null,
        null,
        1,
        null,
        null
      ],
      "/Users/faizaanshamsi/Dropbox/programs/canary/app/models/room.rb": [
        1,
        1,
        null,
        1,
        null,
        null
      ],
      "/Users/faizaanshamsi/Dropbox/programs/canary/app/models/special.rb": [
        1,
        1,
        null,
        1,
        null,
        1,
        null,
        null
      ],
      "/Users/faizaanshamsi/Dropbox/programs/canary/app/models/submission.rb": [
        1,
        1,
        null,
        1,
        null,
        null
      ],
      "/Users/faizaanshamsi/Dropbox/programs/canary/app/controllers/application_controller.rb": [
        1,
        null,
        null,
        1,
        null,
        1,
        null,
        1,
        null,
        1,
        19,
        19,
        null,
        null,
        1,
        null,
        1,
        2,
        2,
        1,
        1,
        null,
        null,
        null,
        null
      ],
      "/Users/faizaanshamsi/Dropbox/programs/canary/app/controllers/pages_controller.rb": [
        1,
        1,
        null,
        1,
        null,
        null
      ],
      "/Users/faizaanshamsi/Dropbox/programs/canary/app/controllers/items_controller.rb": [
        1,
        null,
        1,
        1,
        null,
        null,
        1,
        1,
        1,
        null,
        null,
        1,
        2,
        2,
        2,
        2,
        null,
        null,
        1,
        1,
        1,
        null,
        1,
        1,
        1,
        1,
        1,
        null,
        0,
        0,
        0,
        0,
        null,
        null,
        null,
        1,
        null,
        1,
        1,
        null,
        null,
        null,
        null
      ],
      "/Users/faizaanshamsi/Dropbox/programs/canary/app/controllers/item_photos_controller.rb": [
        1,
        1,
        0,
        0,
        null,
        null,
        1,
        1,
        1,
        null,
        null,
        1,
        1,
        1,
        1,
        0,
        0,
        0,
        null,
        1,
        1,
        1,
        null,
        2,
        0,
        null,
        1,
        null,
        1,
        null,
        null,
        null
      ],
      "/Users/faizaanshamsi/Dropbox/programs/canary/app/controllers/locations_controller.rb": [
        1,
        1,
        2,
        null,
        1,
        3,
        3,
        null,
        null,
        1,
        2,
        2,
        2,
        null,
        2,
        2,
        2,
        null,
        0,
        0,
        null,
        null,
        null,
        1,
        null,
        1,
        4,
        null,
        null
      ]
    },
    "timestamp": 1415897201
  }
}
