{
  "RSpec": {
    "coverage": {
      "/Users/faizaanshamsi/Dropbox/programs/canary/app/models/user.rb": [
        1,
        1,
        null,
        null,
        null,
        null,
        null,
        1,
        1,
        1,
        null,
        1,
        1,
        null,
        1,
        null,
        null,
        1,
        null,
        null,
        1,
        null,
        null,
        1,
        null,
        null,
        1,
        0,
        null,
        null
      ],
      "/Users/faizaanshamsi/Dropbox/programs/canary/app/helpers/application_helper.rb": [
        1,
        1,
        0,
        null,
        null,
        1,
        1,
        0,
        0,
        0,
        0,
        null,
        0,
        null,
        null,
        null,
        null,
        null
      ],
      "/Users/faizaanshamsi/Dropbox/programs/canary/app/models/item.rb": [
        1,
        1,
        1,
        null,
        1,
        1,
        1,
        1,
        1,
        1,
        1,
        null,
        1,
        1,
        1,
        1,
        null,
        1,
        null,
        null,
        1,
        null,
        1,
        null,
        1,
        null,
        1,
        null,
        1,
        null,
        null,
        1,
        1,
        null,
        null,
        1,
        1,
        null,
        null,
        1,
        1,
        null,
        null,
        1,
        1,
        1,
        1,
        null,
        1,
        0,
        null,
        null,
        1,
        2,
        null,
        null,
        1,
        4,
        null,
        null,
        1,
        3,
        null,
        null,
        null
      ],
      "/Users/faizaanshamsi/Dropbox/programs/canary/app/models/submission.rb": [
        1,
        1,
        null,
        1,
        null,
        null
      ],
      "/Users/faizaanshamsi/Dropbox/programs/canary/app/models/category.rb": [
        1,
        1,
        1,
        null,
        1,
        null,
        null,
        1,
        null,
        null
      ],
      "/Users/faizaanshamsi/Dropbox/programs/canary/app/models/room.rb": [
        1,
        1,
        null,
        1,
        null,
        null
      ],
      "/Users/faizaanshamsi/Dropbox/programs/canary/app/models/location.rb": [
        1,
        1,
        1,
        1,
        1,
        1,
        1,
        1,
        1,
        null,
        1,
        null,
        null,
        1,
        null,
        null,
        1,
        5,
        null,
        null,
        1,
        0,
        0,
        null,
        null,
        1,
        null,
        1,
        0,
        0,
        null,
        null
      ],
      "/Users/faizaanshamsi/Dropbox/programs/canary/app/models/asking_price.rb": [
        1,
        1,
        1,
        null,
        1,
        null,
        null
      ],
      "/Users/faizaanshamsi/Dropbox/programs/canary/app/models/item_photo.rb": [
        1,
        1,
        1,
        1,
        1,
        null,
        1,
        null,
        null,
        1,
        2,
        0,
        null,
        null,
        null,
        1,
        2,
        null,
        null
      ],
      "/Users/faizaanshamsi/Dropbox/programs/canary/app/controllers/items_controller.rb": [
        1,
        null,
        1,
        1,
        null,
        null,
        1,
        0,
        0,
        null,
        null,
        1,
        0,
        0,
        0,
        0,
        null,
        null,
        1,
        0,
        0,
        null,
        0,
        0,
        0,
        0,
        0,
        null,
        0,
        0,
        0,
        0,
        null,
        null,
        null,
        1,
        null,
        1,
        0,
        null,
        null,
        null,
        null
      ],
      "/Users/faizaanshamsi/Dropbox/programs/canary/app/controllers/application_controller.rb": [
        1,
        null,
        null,
        1,
        null,
        1,
        null,
        1,
        null,
        1,
        0,
        0,
        null,
        null,
        1,
        null,
        1,
        0,
        0,
        0,
        0,
        null,
        null,
        null,
        null
      ]
    },
    "timestamp": 1415888720
  }
}
